-------------------------------------------------------------------------------
Test set: com.security.SbJwt1ApplicationTests
-------------------------------------------------------------------------------
Tests run: 1, Failures: 0, Errors: 1, Skipped: 0, Time elapsed: 0.192 s <<< FAILURE! - in com.security.SbJwt1ApplicationTests
com.security.SbJwt1ApplicationTests  Time elapsed: 0.189 s  <<< ERROR!
java.lang.IllegalStateException: Unable to find a @SpringBootConfiguration, you need to use @ContextConfiguration or @SpringBootTest(classes=...) with your test

